E, [2020-02-10T14:29:17.575419 #4158] ERROR -- Kitchen: ------Exception-------
E, [2020-02-10T14:29:17.575558 #4158] ERROR -- Kitchen: Class: Kitchen::UserError
E, [2020-02-10T14:29:17.575609 #4158] ERROR -- Kitchen: Message: Kitchen YAML file /Users/seethalakshmi/learn-chef/cookbooks/kitchen.yml does not exist.
E, [2020-02-10T14:29:17.575641 #4158] ERROR -- Kitchen: ----------------------
E, [2020-02-10T14:29:17.575677 #4158] ERROR -- Kitchen: ------Backtrace-------
E, [2020-02-10T14:29:17.575712 #4158] ERROR -- Kitchen: /opt/chefdk/embedded/lib/ruby/gems/2.6.0/gems/test-kitchen-2.3.4/lib/kitchen/loader/yaml.rb:65:in `read'
E, [2020-02-10T14:29:17.575752 #4158] ERROR -- Kitchen: /opt/chefdk/embedded/lib/ruby/gems/2.6.0/gems/test-kitchen-2.3.4/lib/kitchen/config.rb:154:in `data'
E, [2020-02-10T14:29:17.575782 #4158] ERROR -- Kitchen: /opt/chefdk/embedded/lib/ruby/gems/2.6.0/gems/test-kitchen-2.3.4/lib/kitchen/config.rb:132:in `suites'
E, [2020-02-10T14:29:17.575825 #4158] ERROR -- Kitchen: /opt/chefdk/embedded/lib/ruby/gems/2.6.0/gems/test-kitchen-2.3.4/lib/kitchen/config.rb:184:in `filter_instances'
E, [2020-02-10T14:29:17.576156 #4158] ERROR -- Kitchen: /opt/chefdk/embedded/lib/ruby/gems/2.6.0/gems/test-kitchen-2.3.4/lib/kitchen/config.rb:143:in `build_instances'
E, [2020-02-10T14:29:17.576171 #4158] ERROR -- Kitchen: /opt/chefdk/embedded/lib/ruby/gems/2.6.0/gems/test-kitchen-2.3.4/lib/kitchen/config.rb:117:in `instances'
E, [2020-02-10T14:29:17.576187 #4158] ERROR -- Kitchen: /opt/chefdk/embedded/lib/ruby/gems/2.6.0/gems/test-kitchen-2.3.4/lib/kitchen/command.rb:112:in `filtered_instances'
E, [2020-02-10T14:29:17.576201 #4158] ERROR -- Kitchen: /opt/chefdk/embedded/lib/ruby/gems/2.6.0/gems/test-kitchen-2.3.4/lib/kitchen/command.rb:142:in `parse_subcommand'
E, [2020-02-10T14:29:17.576214 #4158] ERROR -- Kitchen: /opt/chefdk/embedded/lib/ruby/gems/2.6.0/gems/test-kitchen-2.3.4/lib/kitchen/command/login.rb:29:in `call'
E, [2020-02-10T14:29:17.576228 #4158] ERROR -- Kitchen: /opt/chefdk/embedded/lib/ruby/gems/2.6.0/gems/test-kitchen-2.3.4/lib/kitchen/cli.rb:52:in `perform'
E, [2020-02-10T14:29:17.576242 #4158] ERROR -- Kitchen: /opt/chefdk/embedded/lib/ruby/gems/2.6.0/gems/test-kitchen-2.3.4/lib/kitchen/cli.rb:257:in `login'
E, [2020-02-10T14:29:17.576255 #4158] ERROR -- Kitchen: /opt/chefdk/embedded/lib/ruby/gems/2.6.0/gems/thor-0.20.3/lib/thor/command.rb:27:in `run'
E, [2020-02-10T14:29:17.576270 #4158] ERROR -- Kitchen: /opt/chefdk/embedded/lib/ruby/gems/2.6.0/gems/thor-0.20.3/lib/thor/invocation.rb:126:in `invoke_command'
E, [2020-02-10T14:29:17.576284 #4158] ERROR -- Kitchen: /opt/chefdk/embedded/lib/ruby/gems/2.6.0/gems/thor-0.20.3/lib/thor.rb:387:in `dispatch'
E, [2020-02-10T14:29:17.576298 #4158] ERROR -- Kitchen: /opt/chefdk/embedded/lib/ruby/gems/2.6.0/gems/thor-0.20.3/lib/thor/base.rb:466:in `start'
E, [2020-02-10T14:29:17.576311 #4158] ERROR -- Kitchen: /opt/chefdk/embedded/lib/ruby/gems/2.6.0/gems/test-kitchen-2.3.4/bin/kitchen:13:in `block in <top (required)>'
E, [2020-02-10T14:29:17.576325 #4158] ERROR -- Kitchen: /opt/chefdk/embedded/lib/ruby/gems/2.6.0/gems/test-kitchen-2.3.4/lib/kitchen/errors.rb:171:in `with_friendly_errors'
E, [2020-02-10T14:29:17.576341 #4158] ERROR -- Kitchen: /opt/chefdk/embedded/lib/ruby/gems/2.6.0/gems/test-kitchen-2.3.4/bin/kitchen:13:in `<top (required)>'
E, [2020-02-10T14:29:17.576355 #4158] ERROR -- Kitchen: /usr/local/bin/kitchen:349:in `load'
E, [2020-02-10T14:29:17.576368 #4158] ERROR -- Kitchen: /usr/local/bin/kitchen:349:in `<main>'
E, [2020-02-10T14:29:17.576381 #4158] ERROR -- Kitchen: ----End Backtrace-----
